[debug] [2020-11-13T21:05:45.537Z] ----------------------------------------------------------------------
[debug] [2020-11-13T21:05:45.540Z] Command:       /usr/bin/node /usr/local/bin/firebase init
[debug] [2020-11-13T21:05:45.540Z] CLI Version:   8.16.2
[debug] [2020-11-13T21:05:45.540Z] Platform:      linux
[debug] [2020-11-13T21:05:45.540Z] Node Version:  v10.19.0
[debug] [2020-11-13T21:05:45.540Z] Time:          Sat Nov 14 2020 02:35:45 GMT+0530 (India Standard Time)
[debug] [2020-11-13T21:05:45.541Z] ----------------------------------------------------------------------
[debug] [2020-11-13T21:05:45.541Z] 
[debug] [2020-11-13T21:05:45.545Z] > command requires scopes: ["email","openid","https://www.googleapis.com/auth/cloudplatformprojects.readonly","https://www.googleapis.com/auth/firebase","https://www.googleapis.com/auth/cloud-platform"]
[debug] [2020-11-13T21:05:45.546Z] > authorizing via signed-in user
[info] 
     ######## #### ########  ######## ########     ###     ######  ########
     ##        ##  ##     ## ##       ##     ##  ##   ##  ##       ##
     ######    ##  ########  ######   ########  #########  ######  ######
     ##        ##  ##    ##  ##       ##     ## ##     ##       ## ##
     ##       #### ##     ## ######## ########  ##     ##  ######  ########

You're about to initialize a Firebase project in this directory:

  /home/cyberlord007/Tinder Clone MERN/tinder-clone

[info] 
=== Project Setup
[info] 
[info] First, let's associate this project directory with a Firebase project.
[info] You can create multiple project aliases by running firebase use --add, 
[info] but for now we'll just set up a default project.
[info] 
[debug] [2020-11-13T21:05:52.183Z] >>> HTTP REQUEST GET https://firebase.googleapis.com/v1beta1/projects?pageSize=100  
 
[debug] [2020-11-13T21:05:53.138Z] <<< HTTP RESPONSE 200 {"content-type":"application/json; charset=UTF-8","vary":"X-Origin, Referer, Origin,Accept-Encoding","date":"Fri, 13 Nov 2020 21:05:53 GMT","server":"ESF","cache-control":"private","x-xss-protection":"0","x-frame-options":"SAMEORIGIN","x-content-type-options":"nosniff","alt-svc":"h3-Q050=\":443\"; ma=2592000,h3-29=\":443\"; ma=2592000,h3-T051=\":443\"; ma=2592000,h3-Q046=\":443\"; ma=2592000,h3-Q043=\":443\"; ma=2592000,quic=\":443\"; ma=2592000; v=\"46,43\"","accept-ranges":"none","transfer-encoding":"chunked"}
[info] i  Using project cyberlord-proplanner (cyberlord-proplanner) 
[info] 
=== Hosting Setup
[info] 
[info] Your public directory is the folder (relative to your project directory) that
[info] will contain Hosting assets to be uploaded with firebase deploy. If you
[info] have a build process for your assets, use your build's output directory.
[info] 
